<acceptance-test-run title="To Validate the Circuit Reserve Tag" name="To Validate the Circuit Reserve Tag" description="" steps="7" successful="4" failures="0" errors="1" skipped="2" ignored="0" pending="0" annotated-result="ERROR" result="ERROR" duration="87338" timestamp="2024-08-20T11:14:27.598+10:00">
  <user-story id="to-validate-the-sanity-tests-for-sdk-application" name="To Validate the Sanity Tests for SDK Application" path="src/main/resources/features/Sanity.feature"/>
  <tags>
    <tag name="To Validate the Sanity Tests for SDK Application" type="feature"/>
    <tag name="Sanity" type="tag"/>
  </tags>
  <examples>
    <datasets>
      <dataset startRow="0" rowCount="0" name="" description=""/>
    </datasets>
    <headers>
      <header>ID</header>
    </headers>
    <rows>
      <row result="ERROR">
        <value>R229260882</value>
      </row>
    </rows>
  </examples>
  <test-group name="[1] {ID=R229260882}" result="ERROR">
    <test-step result="SUCCESS" duration="15852">
      <description>Given I verify the Map Section</description>
    </test-step>
    <test-step result="SUCCESS" duration="29328">
      <description>Then I Enter the R229260882 for the Entity</description>
    </test-step>
    <test-step result="SUCCESS" duration="14140">
      <description>Then I validate the Title of the Entity Selected</description>
    </test-step>
    <test-step result="SUCCESS" duration="5953">
      <description>Then I navigate to Trace tab and select one of the trace</description>
    </test-step>
    <test-step result="ERROR" duration="22058">
      <description>And I Validate the Circuit Reserve Tag for the Selected Cable</description>
      <error>org.openqa.selenium.NoSuchElementException: no such element: Unable to locate element: {&quot;method&quot;:&quot;xpath&quot;,&quot;selector&quot;:&quot;//*[@id=&quot;circuitListPanel&quot;]/div/table/tbody/tr[3]/td[11]/div/button/span[1]/span&quot;}
  (Session info: chrome=127.0.6533.120)
  (Driver info: chromedriver=127.0.6533.72 (9755e24ca85aa18ffa16c743f660a3d914902775-refs/branch-heads/6533@{#1760}),platform=Windows NT 10.0.19045 x86_64) (WARNING: The server did not provide any stacktrace information)
Command duration or timeout: 20.04 seconds
For documentation on this error, please visit: http://seleniumhq.org/exceptions/no_such_element.html
Build info: version: &apos;2.53.0&apos;, revision: &apos;35ae25b1534ae328c771e0856c93e187490ca824&apos;, time: &apos;2016-03-15 10:43:46&apos;
System info: host: &apos;AU-MELOCIQACL3&apos;, ip: &apos;10.246.4.96&apos;, os.name: &apos;Windows 10&apos;, os.arch: &apos;amd64&apos;, os.version: &apos;10.0&apos;, java.version: &apos;11.0.22&apos;
Driver info: org.openqa.selenium.chrome.ChromeDriver
Capabilities [{mobileEmulationEnabled=false, timeouts={implicit=0, pageLoad=300000, script=30000}, hasTouchScreen=false, platform=XP, acceptSslCerts=false, goog:chromeOptions={debuggerAddress=localhost:55385}, webauthn:extension:credBlob=true, acceptInsecureCerts=false, fedcm:accounts=true, webStorageEnabled=true, browserName=chrome, takesScreenshot=true, javascriptEnabled=true, setWindowRect=true, webauthn:extension:largeBlob=true, unexpectedAlertBehaviour=ignore, rotatable=false, networkConnectionEnabled=false, chrome={chromedriverVersion=127.0.6533.72 (9755e24ca85aa18ffa16c743f660a3d914902775-refs/branch-heads/6533@{#1760}), userDataDir=C:\WINDOWS\SystemTemp\scoped_dir5796_554988046}, takesHeapSnapshot=true, pageLoadStrategy=normal, strictFileInteractability=false, databaseEnabled=false, handlesAlerts=true, version=127.0.6533.120, browserConnectionEnabled=false, proxy={}, nativeEvents=true, webauthn:extension:minPinLength=true, webauthn:extension:prf=true, locationContextEnabled=true, cssSelectorsEnabled=true, webauthn:virtualAuthenticators=true}]
Session ID: 1b956eef4536910213203a7b09af08ea
*** Element info: {Using=xpath, value=//*[@id=&quot;circuitListPanel&quot;]/div/table/tbody/tr[3]/td[11]/div/button/span[1]/span}
For documentation on this error, please visit: http://seleniumhq.org/exceptions/no_such_element.html
Build info: version: &apos;2.53.0&apos;, revision: &apos;35ae25b1534ae328c771e0856c93e187490ca824&apos;, time: &apos;2016-03-15 10:43:46&apos;
System info: host: &apos;AU-MELOCIQACL3&apos;, ip: &apos;10.246.4.96&apos;, os.name: &apos;Windows 10&apos;, os.arch: &apos;amd64&apos;, os.version: &apos;10.0&apos;, java.version: &apos;11.0.22&apos;
Driver info: driver.version: unknown</error>
      <exception>org.openqa.selenium.NoSuchElementException:no such element: Unable to locate element: {&quot;method&quot;:&quot;xpath&quot;,&quot;selector&quot;:&quot;//*[@id=&quot;circuitListPanel&quot;]/div/table/tbody/tr[3]/td[11]/div/button/span[1]/span&quot;}
  (Session info: chrome=127.0.6533.120)
  (Driver info: chromedriver=127.0.6533.72 (9755e24ca85aa18ffa16c743f660a3d914902775-refs/branch-heads/6533@{#1760}),platform=Windows NT 10.0.19045 x86_64) (WARNING: The server did not provide any stacktrace information)
Command duration or timeout: 20.04 seconds
For documentation on this error, please visit: http://seleniumhq.org/exceptions/no_such_element.html
Build info: version: &apos;2.53.0&apos;, revision: &apos;35ae25b1534ae328c771e0856c93e187490ca824&apos;, time: &apos;2016-03-15 10:43:46&apos;
System info: host: &apos;AU-MELOCIQACL3&apos;, ip: &apos;10.246.4.96&apos;, os.name: &apos;Windows 10&apos;, os.arch: &apos;amd64&apos;, os.version: &apos;10.0&apos;, java.version: &apos;11.0.22&apos;
Driver info: org.openqa.selenium.chrome.ChromeDriver
Capabilities [{mobileEmulationEnabled=false, timeouts={implicit=0, pageLoad=300000, script=30000}, hasTouchScreen=false, platform=XP, acceptSslCerts=false, goog:chromeOptions={debuggerAddress=localhost:55385}, webauthn:extension:credBlob=true, acceptInsecureCerts=false, fedcm:accounts=true, webStorageEnabled=true, browserName=chrome, takesScreenshot=true, javascriptEnabled=true, setWindowRect=true, webauthn:extension:largeBlob=true, unexpectedAlertBehaviour=ignore, rotatable=false, networkConnectionEnabled=false, chrome={chromedriverVersion=127.0.6533.72 (9755e24ca85aa18ffa16c743f660a3d914902775-refs/branch-heads/6533@{#1760}), userDataDir=C:\WINDOWS\SystemTemp\scoped_dir5796_554988046}, takesHeapSnapshot=true, pageLoadStrategy=normal, strictFileInteractability=false, databaseEnabled=false, handlesAlerts=true, version=127.0.6533.120, browserConnectionEnabled=false, proxy={}, nativeEvents=true, webauthn:extension:minPinLength=true, webauthn:extension:prf=true, locationContextEnabled=true, cssSelectorsEnabled=true, webauthn:virtualAuthenticators=true}]
Session ID: 1b956eef4536910213203a7b09af08ea
*** Element info: {Using=xpath, value=//*[@id=&quot;circuitListPanel&quot;]/div/table/tbody/tr[3]/td[11]/div/button/span[1]/span}
For documentation on this error, please visit: http://seleniumhq.org/exceptions/no_such_element.html
Build info: version: &apos;2.53.0&apos;, revision: &apos;35ae25b1534ae328c771e0856c93e187490ca824&apos;, time: &apos;2016-03-15 10:43:46&apos;
System info: host: &apos;AU-MELOCIQACL3&apos;, ip: &apos;10.246.4.96&apos;, os.name: &apos;Windows 10&apos;, os.arch: &apos;amd64&apos;, os.version: &apos;10.0&apos;, java.version: &apos;11.0.22&apos;
Driver info: driver.version: unknown&#xd;
[java.base/jdk.internal.reflect.NativeConstructorAccessorImpl.newInstance0(Native Method), java.base/jdk.internal.reflect.NativeConstructorAccessorImpl.newInstance(NativeConstructorAccessorImpl.java:62), java.base/jdk.internal.reflect.DelegatingConstructorAccessorImpl.newInstance(DelegatingConstructorAccessorImpl.java:45), stepPage.HomePage.HomePage.clickToolElement(HomePage.java:948), stepImplementation.HomePage.HomePageImplementation.validateCircuitReserveTag(HomePageImplementation.java:1825), stepDefinition.HomePage.HomePageDefinition.iValidateTheCircuitReserveTagForTheSelectedCable(HomePageDefinition.java:639), âœ½.And I Validate the Circuit Reserve Tag for the Selected Cable(src/main/resources/features/Sanity.feature:392)]</exception>
    </test-step>
    <test-step result="SKIPPED" duration="0">
      <description>Then I Validate the Edit for Circuit Reserve Tag</description>
    </test-step>
    <test-step result="SKIPPED" duration="0">
      <description>Then I Log out</description>
    </test-step>
  </test-group>
</acceptance-test-run>