{"name":"To Validate the Share","testSteps":[{"number":1,"description":"Given I verify the Share is displayed and clickable","duration":11233,"startTime":1724118591954,"result":"SUCCESS"},{"number":2,"description":"When I Verify the Copy Lat \u0026 Long as URL","duration":32016,"startTime":1724118603187,"exception":{"errorType":"org.openqa.selenium.NoSuchElementException","message":"no such element: Unable to locate element: {\"method\":\"xpath\",\"selector\":\"//mat-dialog-container/sncr-error-dialog/mat-dialog-actions/button\"}\n  (Session info: chrome\u003d127.0.6533.120)\n  (Driver info: chromedriver\u003d127.0.6533.72 (9755e24ca85aa18ffa16c743f660a3d914902775-refs/branch-heads/6533@{#1760}),platform\u003dWindows NT 10.0.19045 x86_64) (WARNING: The server did not provide any stacktrace information)\nCommand duration or timeout: 20.06 seconds\nFor documentation on this error, please visit: http://seleniumhq.org/exceptions/no_such_element.html\nBuild info: version: \u00272.53.0\u0027, revision: \u002735ae25b1534ae328c771e0856c93e187490ca824\u0027, time: \u00272016-03-15 10:43:46\u0027\nSystem info: host: \u0027AU-MELOCIQACL3\u0027, ip: \u002710.246.4.96\u0027, os.name: \u0027Windows 10\u0027, os.arch: \u0027amd64\u0027, os.version: \u002710.0\u0027, java.version: \u002711.0.22\u0027\nDriver info: org.openqa.selenium.chrome.ChromeDriver\nCapabilities [{mobileEmulationEnabled\u003dfalse, timeouts\u003d{implicit\u003d0, pageLoad\u003d300000, script\u003d30000}, hasTouchScreen\u003dfalse, platform\u003dXP, acceptSslCerts\u003dfalse, goog:chromeOptions\u003d{debuggerAddress\u003dlocalhost:56217}, webauthn:extension:credBlob\u003dtrue, acceptInsecureCerts\u003dfalse, fedcm:accounts\u003dtrue, webStorageEnabled\u003dtrue, browserName\u003dchrome, takesScreenshot\u003dtrue, javascriptEnabled\u003dtrue, setWindowRect\u003dtrue, webauthn:extension:largeBlob\u003dtrue, unexpectedAlertBehaviour\u003dignore, rotatable\u003dfalse, networkConnectionEnabled\u003dfalse, chrome\u003d{chromedriverVersion\u003d127.0.6533.72 (9755e24ca85aa18ffa16c743f660a3d914902775-refs/branch-heads/6533@{#1760}), userDataDir\u003dC:\\WINDOWS\\SystemTemp\\scoped_dir12412_1425028289}, takesHeapSnapshot\u003dtrue, pageLoadStrategy\u003dnormal, strictFileInteractability\u003dfalse, databaseEnabled\u003dfalse, handlesAlerts\u003dtrue, version\u003d127.0.6533.120, browserConnectionEnabled\u003dfalse, proxy\u003d{}, nativeEvents\u003dtrue, webauthn:extension:minPinLength\u003dtrue, webauthn:extension:prf\u003dtrue, locationContextEnabled\u003dtrue, cssSelectorsEnabled\u003dtrue, webauthn:virtualAuthenticators\u003dtrue}]\nSession ID: 76c52c699513c3d506c81e2f3d775e64\n*** Element info: {Using\u003dxpath, value\u003d//mat-dialog-container/sncr-error-dialog/mat-dialog-actions/button}\nFor documentation on this error, please visit: http://seleniumhq.org/exceptions/no_such_element.html\nBuild info: version: \u00272.53.0\u0027, revision: \u002735ae25b1534ae328c771e0856c93e187490ca824\u0027, time: \u00272016-03-15 10:43:46\u0027\nSystem info: host: \u0027AU-MELOCIQACL3\u0027, ip: \u002710.246.4.96\u0027, os.name: \u0027Windows 10\u0027, os.arch: \u0027amd64\u0027, os.version: \u002710.0\u0027, java.version: \u002711.0.22\u0027\nDriver info: driver.version: unknown","stackTrace":[{"moduleName":"java.base","moduleVersion":"11.0.22","declaringClass":"jdk.internal.reflect.NativeConstructorAccessorImpl","methodName":"newInstance0","fileName":"NativeConstructorAccessorImpl.java","lineNumber":-2,"format":2},{"moduleName":"java.base","moduleVersion":"11.0.22","declaringClass":"jdk.internal.reflect.NativeConstructorAccessorImpl","methodName":"newInstance","fileName":"NativeConstructorAccessorImpl.java","lineNumber":62,"format":2},{"moduleName":"java.base","moduleVersion":"11.0.22","declaringClass":"jdk.internal.reflect.DelegatingConstructorAccessorImpl","methodName":"newInstance","fileName":"DelegatingConstructorAccessorImpl.java","lineNumber":45,"format":2},{"classLoaderName":"app","declaringClass":"stepPage.HomePage.HomePage","methodName":"clickToolElement","fileName":"HomePage.java","lineNumber":948,"format":1},{"classLoaderName":"app","declaringClass":"stepImplementation.HomePage.HomePageImplementation","methodName":"verifyLatLongCopy","fileName":"HomePageImplementation.java","lineNumber":1486,"format":1},{"classLoaderName":"app","declaringClass":"stepDefinition.HomePage.HomePageDefinition","methodName":"iVerifyTheCopyLatLongAsURL","fileName":"HomePageDefinition.java","lineNumber":513,"format":1},{"declaringClass":"✽","methodName":"When I Verify the Copy Lat \u0026 Long as URL","fileName":"src/main/resources/features/Smoke.feature","lineNumber":203,"format":0}],"COLLAPSE_NEW_LINE_HINTS":["AssertionError","Expected","Expecting","ComparisonFailure"]},"result":"ERROR"},{"number":3,"description":"Then I Verify the Copy Features as URL","duration":0,"startTime":1724118635204,"result":"SKIPPED"}],"userStory":{"id":"to-validate-the-smoke-tests-for-sdk-application","storyName":"To Validate the Smoke Tests for SDK Application","path":"src/main/resources/features/Smoke.feature","type":"feature"},"title":"To Validate the Share","description":"","tags":[{"name":"Smoke","type":"tag"},{"name":"To Validate the Smoke Tests for SDK Application","type":"feature"}],"startTime":1724118591951,"duration":43253,"testFailureCause":{"errorType":"org.openqa.selenium.NoSuchElementException","message":"no such element: Unable to locate element: {\"method\":\"xpath\",\"selector\":\"//mat-dialog-container/sncr-error-dialog/mat-dialog-actions/button\"}\n  (Session info: chrome\u003d127.0.6533.120)\n  (Driver info: chromedriver\u003d127.0.6533.72 (9755e24ca85aa18ffa16c743f660a3d914902775-refs/branch-heads/6533@{#1760}),platform\u003dWindows NT 10.0.19045 x86_64) (WARNING: The server did not provide any stacktrace information)\nCommand duration or timeout: 20.06 seconds\nFor documentation on this error, please visit: http://seleniumhq.org/exceptions/no_such_element.html\nBuild info: version: \u00272.53.0\u0027, revision: \u002735ae25b1534ae328c771e0856c93e187490ca824\u0027, time: \u00272016-03-15 10:43:46\u0027\nSystem info: host: \u0027AU-MELOCIQACL3\u0027, ip: \u002710.246.4.96\u0027, os.name: \u0027Windows 10\u0027, os.arch: \u0027amd64\u0027, os.version: \u002710.0\u0027, java.version: \u002711.0.22\u0027\nDriver info: org.openqa.selenium.chrome.ChromeDriver\nCapabilities [{mobileEmulationEnabled\u003dfalse, timeouts\u003d{implicit\u003d0, pageLoad\u003d300000, script\u003d30000}, hasTouchScreen\u003dfalse, platform\u003dXP, acceptSslCerts\u003dfalse, goog:chromeOptions\u003d{debuggerAddress\u003dlocalhost:56217}, webauthn:extension:credBlob\u003dtrue, acceptInsecureCerts\u003dfalse, fedcm:accounts\u003dtrue, webStorageEnabled\u003dtrue, browserName\u003dchrome, takesScreenshot\u003dtrue, javascriptEnabled\u003dtrue, setWindowRect\u003dtrue, webauthn:extension:largeBlob\u003dtrue, unexpectedAlertBehaviour\u003dignore, rotatable\u003dfalse, networkConnectionEnabled\u003dfalse, chrome\u003d{chromedriverVersion\u003d127.0.6533.72 (9755e24ca85aa18ffa16c743f660a3d914902775-refs/branch-heads/6533@{#1760}), userDataDir\u003dC:\\WINDOWS\\SystemTemp\\scoped_dir12412_1425028289}, takesHeapSnapshot\u003dtrue, pageLoadStrategy\u003dnormal, strictFileInteractability\u003dfalse, databaseEnabled\u003dfalse, handlesAlerts\u003dtrue, version\u003d127.0.6533.120, browserConnectionEnabled\u003dfalse, proxy\u003d{}, nativeEvents\u003dtrue, webauthn:extension:minPinLength\u003dtrue, webauthn:extension:prf\u003dtrue, locationContextEnabled\u003dtrue, cssSelectorsEnabled\u003dtrue, webauthn:virtualAuthenticators\u003dtrue}]\nSession ID: 76c52c699513c3d506c81e2f3d775e64\n*** Element info: {Using\u003dxpath, value\u003d//mat-dialog-container/sncr-error-dialog/mat-dialog-actions/button}\nFor documentation on this error, please visit: http://seleniumhq.org/exceptions/no_such_element.html\nBuild info: version: \u00272.53.0\u0027, revision: \u002735ae25b1534ae328c771e0856c93e187490ca824\u0027, time: \u00272016-03-15 10:43:46\u0027\nSystem info: host: \u0027AU-MELOCIQACL3\u0027, ip: \u002710.246.4.96\u0027, os.name: \u0027Windows 10\u0027, os.arch: \u0027amd64\u0027, os.version: \u002710.0\u0027, java.version: \u002711.0.22\u0027\nDriver info: driver.version: unknown","stackTrace":[{"moduleName":"java.base","moduleVersion":"11.0.22","declaringClass":"jdk.internal.reflect.NativeConstructorAccessorImpl","methodName":"newInstance0","fileName":"NativeConstructorAccessorImpl.java","lineNumber":-2,"format":2},{"moduleName":"java.base","moduleVersion":"11.0.22","declaringClass":"jdk.internal.reflect.NativeConstructorAccessorImpl","methodName":"newInstance","fileName":"NativeConstructorAccessorImpl.java","lineNumber":62,"format":2},{"moduleName":"java.base","moduleVersion":"11.0.22","declaringClass":"jdk.internal.reflect.DelegatingConstructorAccessorImpl","methodName":"newInstance","fileName":"DelegatingConstructorAccessorImpl.java","lineNumber":45,"format":2},{"classLoaderName":"app","declaringClass":"stepPage.HomePage.HomePage","methodName":"clickToolElement","fileName":"HomePage.java","lineNumber":948,"format":1},{"classLoaderName":"app","declaringClass":"stepImplementation.HomePage.HomePageImplementation","methodName":"verifyLatLongCopy","fileName":"HomePageImplementation.java","lineNumber":1486,"format":1},{"classLoaderName":"app","declaringClass":"stepDefinition.HomePage.HomePageDefinition","methodName":"iVerifyTheCopyLatLongAsURL","fileName":"HomePageDefinition.java","lineNumber":513,"format":1},{"declaringClass":"✽","methodName":"When I Verify the Copy Lat \u0026 Long as URL","fileName":"src/main/resources/features/Smoke.feature","lineNumber":203,"format":0}],"COLLAPSE_NEW_LINE_HINTS":["AssertionError","Expected","Expecting","ComparisonFailure"]},"testFailureClassname":"org.openqa.selenium.NoSuchElementException","testFailureMessage":"no such element: Unable to locate element: {\"method\":\"xpath\",\"selector\":\"//mat-dialog-container/sncr-error-dialog/mat-dialog-actions/button\"}\n  (Session info: chrome\u003d127.0.6533.120)\n  (Driver info: chromedriver\u003d127.0.6533.72 (9755e24ca85aa18ffa16c743f660a3d914902775-refs/branch-heads/6533@{#1760}),platform\u003dWindows NT 10.0.19045 x86_64) (WARNING: The server did not provide any stacktrace information)\nCommand duration or timeout: 20.06 seconds\nFor documentation on this error, please visit: http://seleniumhq.org/exceptions/no_such_element.html\nBuild info: version: \u00272.53.0\u0027, revision: \u002735ae25b1534ae328c771e0856c93e187490ca824\u0027, time: \u00272016-03-15 10:43:46\u0027\nSystem info: host: \u0027AU-MELOCIQACL3\u0027, ip: \u002710.246.4.96\u0027, os.name: \u0027Windows 10\u0027, os.arch: \u0027amd64\u0027, os.version: \u002710.0\u0027, java.version: \u002711.0.22\u0027\nDriver info: org.openqa.selenium.chrome.ChromeDriver\nCapabilities [{mobileEmulationEnabled\u003dfalse, timeouts\u003d{implicit\u003d0, pageLoad\u003d300000, script\u003d30000}, hasTouchScreen\u003dfalse, platform\u003dXP, acceptSslCerts\u003dfalse, goog:chromeOptions\u003d{debuggerAddress\u003dlocalhost:56217}, webauthn:extension:credBlob\u003dtrue, acceptInsecureCerts\u003dfalse, fedcm:accounts\u003dtrue, webStorageEnabled\u003dtrue, browserName\u003dchrome, takesScreenshot\u003dtrue, javascriptEnabled\u003dtrue, setWindowRect\u003dtrue, webauthn:extension:largeBlob\u003dtrue, unexpectedAlertBehaviour\u003dignore, rotatable\u003dfalse, networkConnectionEnabled\u003dfalse, chrome\u003d{chromedriverVersion\u003d127.0.6533.72 (9755e24ca85aa18ffa16c743f660a3d914902775-refs/branch-heads/6533@{#1760}), userDataDir\u003dC:\\WINDOWS\\SystemTemp\\scoped_dir12412_1425028289}, takesHeapSnapshot\u003dtrue, pageLoadStrategy\u003dnormal, strictFileInteractability\u003dfalse, databaseEnabled\u003dfalse, handlesAlerts\u003dtrue, version\u003d127.0.6533.120, browserConnectionEnabled\u003dfalse, proxy\u003d{}, nativeEvents\u003dtrue, webauthn:extension:minPinLength\u003dtrue, webauthn:extension:prf\u003dtrue, locationContextEnabled\u003dtrue, cssSelectorsEnabled\u003dtrue, webauthn:virtualAuthenticators\u003dtrue}]\nSession ID: 76c52c699513c3d506c81e2f3d775e64\n*** Element info: {Using\u003dxpath, value\u003d//mat-dialog-container/sncr-error-dialog/mat-dialog-actions/button}\nFor documentation on this error, please visit: http://seleniumhq.org/exceptions/no_such_element.html\nBuild info: version: \u00272.53.0\u0027, revision: \u002735ae25b1534ae328c771e0856c93e187490ca824\u0027, time: \u00272016-03-15 10:43:46\u0027\nSystem info: host: \u0027AU-MELOCIQACL3\u0027, ip: \u002710.246.4.96\u0027, os.name: \u0027Windows 10\u0027, os.arch: \u0027amd64\u0027, os.version: \u002710.0\u0027, java.version: \u002711.0.22\u0027\nDriver info: driver.version: unknown","annotatedResult":"ERROR","manual":false,"result":"ERROR"}