<acceptance-test-run title="To Validate the Splicing" name="To Validate the Splicing" description="" steps="9" successful="5" failures="0" errors="1" skipped="3" ignored="0" pending="0" annotated-result="ERROR" result="ERROR" duration="118583" timestamp="2024-08-20T10:53:11.358+10:00">
  <user-story id="to-validate-the-sanity-tests-for-sdk-application" name="To Validate the Sanity Tests for SDK Application" path="src/main/resources/features/Sanity.feature"/>
  <tags>
    <tag name="To Validate the Sanity Tests for SDK Application" type="feature"/>
    <tag name="Sanity" type="tag"/>
  </tags>
  <examples>
    <datasets>
      <dataset startRow="0" rowCount="0" name="" description=""/>
    </datasets>
    <headers>
      <header>DB</header>
      <header>ID</header>
    </headers>
    <rows>
      <row result="ERROR">
        <value>http://10.246.4.94/SHAW90_SO</value>
        <value>SC10014626</value>
      </row>
    </rows>
  </examples>
  <test-group name="[1] {DB=http://10.246.4.94/SHAW90_SO, ID=SC10014626}" result="ERROR">
    <test-step result="SUCCESS" duration="2693">
      <description>Given I launch http://10.246.4.94/SHAW90_SO the Application</description>
    </test-step>
    <test-step result="SUCCESS" duration="30814">
      <description>When I enter the Credentials</description>
    </test-step>
    <test-step result="SUCCESS" duration="15844">
      <description>Given I verify the Map Section</description>
    </test-step>
    <test-step result="SUCCESS" duration="29260">
      <description>Given I Enter the SC10014626 for the Entity</description>
    </test-step>
    <test-step result="SUCCESS" duration="14140">
      <description>When I validate the Title of the Entity Selected</description>
    </test-step>
    <test-step result="ERROR" duration="25826">
      <description>Then I navigate to Splicing</description>
      <error>org.openqa.selenium.NoSuchElementException: no such element: Unable to locate element: {&quot;method&quot;:&quot;xpath&quot;,&quot;selector&quot;:&quot;//*[@id=&quot;splicing-form-select-leftCircuitOwner&quot;]//div[1]/span&quot;}
  (Session info: chrome=127.0.6533.120)
  (Driver info: chromedriver=127.0.6533.72 (9755e24ca85aa18ffa16c743f660a3d914902775-refs/branch-heads/6533@{#1760}),platform=Windows NT 10.0.19045 x86_64) (WARNING: The server did not provide any stacktrace information)
Command duration or timeout: 20.07 seconds
For documentation on this error, please visit: http://seleniumhq.org/exceptions/no_such_element.html
Build info: version: &apos;2.53.0&apos;, revision: &apos;35ae25b1534ae328c771e0856c93e187490ca824&apos;, time: &apos;2016-03-15 10:43:46&apos;
System info: host: &apos;AU-MELOCIQACL3&apos;, ip: &apos;10.246.4.96&apos;, os.name: &apos;Windows 10&apos;, os.arch: &apos;amd64&apos;, os.version: &apos;10.0&apos;, java.version: &apos;11.0.22&apos;
Driver info: org.openqa.selenium.chrome.ChromeDriver
Capabilities [{mobileEmulationEnabled=false, timeouts={implicit=0, pageLoad=300000, script=30000}, hasTouchScreen=false, platform=XP, acceptSslCerts=false, goog:chromeOptions={debuggerAddress=localhost:54909}, webauthn:extension:credBlob=true, acceptInsecureCerts=false, fedcm:accounts=true, webStorageEnabled=true, browserName=chrome, takesScreenshot=true, javascriptEnabled=true, setWindowRect=true, webauthn:extension:largeBlob=true, unexpectedAlertBehaviour=ignore, rotatable=false, networkConnectionEnabled=false, chrome={chromedriverVersion=127.0.6533.72 (9755e24ca85aa18ffa16c743f660a3d914902775-refs/branch-heads/6533@{#1760}), userDataDir=C:\WINDOWS\SystemTemp\scoped_dir14260_1996205981}, takesHeapSnapshot=true, pageLoadStrategy=normal, strictFileInteractability=false, databaseEnabled=false, handlesAlerts=true, version=127.0.6533.120, browserConnectionEnabled=false, proxy={}, nativeEvents=true, webauthn:extension:minPinLength=true, webauthn:extension:prf=true, locationContextEnabled=true, cssSelectorsEnabled=true, webauthn:virtualAuthenticators=true}]
Session ID: d636c953a13ca31203821f40d6d54a6b
*** Element info: {Using=xpath, value=//*[@id=&quot;splicing-form-select-leftCircuitOwner&quot;]//div[1]/span}
For documentation on this error, please visit: http://seleniumhq.org/exceptions/no_such_element.html
Build info: version: &apos;2.53.0&apos;, revision: &apos;35ae25b1534ae328c771e0856c93e187490ca824&apos;, time: &apos;2016-03-15 10:43:46&apos;
System info: host: &apos;AU-MELOCIQACL3&apos;, ip: &apos;10.246.4.96&apos;, os.name: &apos;Windows 10&apos;, os.arch: &apos;amd64&apos;, os.version: &apos;10.0&apos;, java.version: &apos;11.0.22&apos;
Driver info: driver.version: unknown</error>
      <exception>org.openqa.selenium.NoSuchElementException:no such element: Unable to locate element: {&quot;method&quot;:&quot;xpath&quot;,&quot;selector&quot;:&quot;//*[@id=&quot;splicing-form-select-leftCircuitOwner&quot;]//div[1]/span&quot;}
  (Session info: chrome=127.0.6533.120)
  (Driver info: chromedriver=127.0.6533.72 (9755e24ca85aa18ffa16c743f660a3d914902775-refs/branch-heads/6533@{#1760}),platform=Windows NT 10.0.19045 x86_64) (WARNING: The server did not provide any stacktrace information)
Command duration or timeout: 20.07 seconds
For documentation on this error, please visit: http://seleniumhq.org/exceptions/no_such_element.html
Build info: version: &apos;2.53.0&apos;, revision: &apos;35ae25b1534ae328c771e0856c93e187490ca824&apos;, time: &apos;2016-03-15 10:43:46&apos;
System info: host: &apos;AU-MELOCIQACL3&apos;, ip: &apos;10.246.4.96&apos;, os.name: &apos;Windows 10&apos;, os.arch: &apos;amd64&apos;, os.version: &apos;10.0&apos;, java.version: &apos;11.0.22&apos;
Driver info: org.openqa.selenium.chrome.ChromeDriver
Capabilities [{mobileEmulationEnabled=false, timeouts={implicit=0, pageLoad=300000, script=30000}, hasTouchScreen=false, platform=XP, acceptSslCerts=false, goog:chromeOptions={debuggerAddress=localhost:54909}, webauthn:extension:credBlob=true, acceptInsecureCerts=false, fedcm:accounts=true, webStorageEnabled=true, browserName=chrome, takesScreenshot=true, javascriptEnabled=true, setWindowRect=true, webauthn:extension:largeBlob=true, unexpectedAlertBehaviour=ignore, rotatable=false, networkConnectionEnabled=false, chrome={chromedriverVersion=127.0.6533.72 (9755e24ca85aa18ffa16c743f660a3d914902775-refs/branch-heads/6533@{#1760}), userDataDir=C:\WINDOWS\SystemTemp\scoped_dir14260_1996205981}, takesHeapSnapshot=true, pageLoadStrategy=normal, strictFileInteractability=false, databaseEnabled=false, handlesAlerts=true, version=127.0.6533.120, browserConnectionEnabled=false, proxy={}, nativeEvents=true, webauthn:extension:minPinLength=true, webauthn:extension:prf=true, locationContextEnabled=true, cssSelectorsEnabled=true, webauthn:virtualAuthenticators=true}]
Session ID: d636c953a13ca31203821f40d6d54a6b
*** Element info: {Using=xpath, value=//*[@id=&quot;splicing-form-select-leftCircuitOwner&quot;]//div[1]/span}
For documentation on this error, please visit: http://seleniumhq.org/exceptions/no_such_element.html
Build info: version: &apos;2.53.0&apos;, revision: &apos;35ae25b1534ae328c771e0856c93e187490ca824&apos;, time: &apos;2016-03-15 10:43:46&apos;
System info: host: &apos;AU-MELOCIQACL3&apos;, ip: &apos;10.246.4.96&apos;, os.name: &apos;Windows 10&apos;, os.arch: &apos;amd64&apos;, os.version: &apos;10.0&apos;, java.version: &apos;11.0.22&apos;
Driver info: driver.version: unknown&#xd;
[java.base/jdk.internal.reflect.NativeConstructorAccessorImpl.newInstance0(Native Method), java.base/jdk.internal.reflect.NativeConstructorAccessorImpl.newInstance(NativeConstructorAccessorImpl.java:62), java.base/jdk.internal.reflect.DelegatingConstructorAccessorImpl.newInstance(DelegatingConstructorAccessorImpl.java:45), stepPage.HomePage.HomePage.clickToolElement(HomePage.java:948), stepImplementation.HomePage.HomePageImplementation.navigateToSplicing(HomePageImplementation.java:607), stepDefinition.HomePage.HomePageDefinition.iNavigateToSplicing(HomePageDefinition.java:194), âœ½.Then I navigate to Splicing(src/main/resources/features/Sanity.feature:162)]</exception>
    </test-step>
    <test-step result="SKIPPED" duration="1">
      <description>Then I navigate to Report tab and verify Splice Report</description>
    </test-step>
    <test-step result="SKIPPED" duration="0">
      <description>And I validate the First Splice Tray report</description>
    </test-step>
    <test-step result="SKIPPED" duration="1">
      <description>And I validate the Splice Tray Reports</description>
    </test-step>
  </test-group>
</acceptance-test-run>