<acceptance-test-run title="To Create the KML Layer and validate the layer is created" name="To Create the KML Layer and validate the layer is created" description="" steps="5" successful="2" failures="0" errors="1" skipped="2" ignored="0" pending="0" annotated-result="ERROR" result="ERROR" duration="61026" timestamp="2024-08-20T06:37:05.601+10:00">
  <user-story id="to-validate-the-sanity-tests-for-sdk-application" name="To Validate the Sanity Tests for SDK Application" path="src/main/resources/features/Sanity_Postgres.feature"/>
  <tags>
    <tag name="To Validate the Sanity Tests for SDK Application" type="feature"/>
    <tag name="Sanity_Postgres" type="tag"/>
  </tags>
  <examples>
    <datasets>
      <dataset startRow="0" rowCount="0" name="" description=""/>
    </datasets>
    <headers>
      <header>DB</header>
      <header>path</header>
    </headers>
    <rows>
      <row result="ERROR">
        <value>http://10.246.4.94/Postgres/SHAW01_SO</value>
        <value>C:\Third Party Layers\KML.kml</value>
      </row>
    </rows>
  </examples>
  <test-group name="[1] {DB=http://10.246.4.94/Postgres/SHAW01_SO, path=C:\Third Party Layers\KML.kml}" result="ERROR">
    <test-step result="SUCCESS" duration="2659">
      <description>Given I launch http://10.246.4.94/Postgres/SHAW01_SO the Application</description>
    </test-step>
    <test-step result="SUCCESS" duration="30872">
      <description>When I enter the Credentials</description>
    </test-step>
    <test-step result="ERROR" duration="27487">
      <description>Then I Create the KML Layer C:\Third Party Layers\KML.kml</description>
      <error>org.openqa.selenium.WebDriverException: element click intercepted: Element &lt;button _ngcontent-ng-c1443662716=&quot;&quot; mat-flat-button=&quot;&quot; type=&quot;submit&quot; class=&quot;mat-mdc-tooltip-trigger primary-button mdc-button mdc-button--unelevated mat-mdc-unelevated-button mat-mdc-button-disabled mat-unthemed mat-mdc-button-base ng-star-inserted&quot; mat-ripple-loader-uninitialized=&quot;&quot; mat-ripple-loader-class-name=&quot;mat-mdc-button-ripple&quot; mat-ripple-loader-disabled=&quot;&quot; disabled=&quot;true&quot; aria-describedby=&quot;cdk-describedby-message-ng-1-47&quot; cdk-describedby-host=&quot;ng-1&quot;&gt;...&lt;/button&gt; is not clickable at point (755, 480). Other element would receive the click: &lt;div _ngcontent-ng-c1443662716=&quot;&quot; mat-dialog-actions=&quot;&quot; class=&quot;mat-mdc-dialog-actions mdc-dialog__actions dialog-actions&quot;&gt;...&lt;/div&gt;
  (Session info: chrome=127.0.6533.120)
  (Driver info: chromedriver=127.0.6533.72 (9755e24ca85aa18ffa16c743f660a3d914902775-refs/branch-heads/6533@{#1760}),platform=Windows NT 10.0.19045 x86_64) (WARNING: The server did not provide any stacktrace information)
Command duration or timeout: 1.10 seconds
Build info: version: &apos;2.53.0&apos;, revision: &apos;35ae25b1534ae328c771e0856c93e187490ca824&apos;, time: &apos;2016-03-15 10:43:46&apos;
System info: host: &apos;AU-MELOCIQACL3&apos;, ip: &apos;10.246.4.96&apos;, os.name: &apos;Windows 10&apos;, os.arch: &apos;amd64&apos;, os.version: &apos;10.0&apos;, java.version: &apos;11.0.22&apos;
Driver info: org.openqa.selenium.chrome.ChromeDriver
Capabilities [{mobileEmulationEnabled=false, timeouts={implicit=0, pageLoad=300000, script=30000}, hasTouchScreen=false, platform=XP, acceptSslCerts=false, goog:chromeOptions={debuggerAddress=localhost:51629}, webauthn:extension:credBlob=true, acceptInsecureCerts=false, fedcm:accounts=true, webStorageEnabled=true, browserName=chrome, takesScreenshot=true, javascriptEnabled=true, setWindowRect=true, webauthn:extension:largeBlob=true, unexpectedAlertBehaviour=ignore, rotatable=false, networkConnectionEnabled=false, chrome={chromedriverVersion=127.0.6533.72 (9755e24ca85aa18ffa16c743f660a3d914902775-refs/branch-heads/6533@{#1760}), userDataDir=C:\WINDOWS\SystemTemp\scoped_dir5332_403835070}, takesHeapSnapshot=true, pageLoadStrategy=normal, strictFileInteractability=false, databaseEnabled=false, handlesAlerts=true, version=127.0.6533.120, browserConnectionEnabled=false, proxy={}, nativeEvents=true, webauthn:extension:minPinLength=true, webauthn:extension:prf=true, locationContextEnabled=true, cssSelectorsEnabled=true, webauthn:virtualAuthenticators=true}]
Session ID: 6b18b87a9e69d888e1cb84d0646454fb
Build info: version: &apos;2.53.0&apos;, revision: &apos;35ae25b1534ae328c771e0856c93e187490ca824&apos;, time: &apos;2016-03-15 10:43:46&apos;
System info: host: &apos;AU-MELOCIQACL3&apos;, ip: &apos;10.246.4.96&apos;, os.name: &apos;Windows 10&apos;, os.arch: &apos;amd64&apos;, os.version: &apos;10.0&apos;, java.version: &apos;11.0.22&apos;
Driver info: driver.version: unknown</error>
      <exception>org.openqa.selenium.WebDriverException:element click intercepted: Element &lt;button _ngcontent-ng-c1443662716=&quot;&quot; mat-flat-button=&quot;&quot; type=&quot;submit&quot; class=&quot;mat-mdc-tooltip-trigger primary-button mdc-button mdc-button--unelevated mat-mdc-unelevated-button mat-mdc-button-disabled mat-unthemed mat-mdc-button-base ng-star-inserted&quot; mat-ripple-loader-uninitialized=&quot;&quot; mat-ripple-loader-class-name=&quot;mat-mdc-button-ripple&quot; mat-ripple-loader-disabled=&quot;&quot; disabled=&quot;true&quot; aria-describedby=&quot;cdk-describedby-message-ng-1-47&quot; cdk-describedby-host=&quot;ng-1&quot;&gt;...&lt;/button&gt; is not clickable at point (755, 480). Other element would receive the click: &lt;div _ngcontent-ng-c1443662716=&quot;&quot; mat-dialog-actions=&quot;&quot; class=&quot;mat-mdc-dialog-actions mdc-dialog__actions dialog-actions&quot;&gt;...&lt;/div&gt;
  (Session info: chrome=127.0.6533.120)
  (Driver info: chromedriver=127.0.6533.72 (9755e24ca85aa18ffa16c743f660a3d914902775-refs/branch-heads/6533@{#1760}),platform=Windows NT 10.0.19045 x86_64) (WARNING: The server did not provide any stacktrace information)
Command duration or timeout: 1.10 seconds
Build info: version: &apos;2.53.0&apos;, revision: &apos;35ae25b1534ae328c771e0856c93e187490ca824&apos;, time: &apos;2016-03-15 10:43:46&apos;
System info: host: &apos;AU-MELOCIQACL3&apos;, ip: &apos;10.246.4.96&apos;, os.name: &apos;Windows 10&apos;, os.arch: &apos;amd64&apos;, os.version: &apos;10.0&apos;, java.version: &apos;11.0.22&apos;
Driver info: org.openqa.selenium.chrome.ChromeDriver
Capabilities [{mobileEmulationEnabled=false, timeouts={implicit=0, pageLoad=300000, script=30000}, hasTouchScreen=false, platform=XP, acceptSslCerts=false, goog:chromeOptions={debuggerAddress=localhost:51629}, webauthn:extension:credBlob=true, acceptInsecureCerts=false, fedcm:accounts=true, webStorageEnabled=true, browserName=chrome, takesScreenshot=true, javascriptEnabled=true, setWindowRect=true, webauthn:extension:largeBlob=true, unexpectedAlertBehaviour=ignore, rotatable=false, networkConnectionEnabled=false, chrome={chromedriverVersion=127.0.6533.72 (9755e24ca85aa18ffa16c743f660a3d914902775-refs/branch-heads/6533@{#1760}), userDataDir=C:\WINDOWS\SystemTemp\scoped_dir5332_403835070}, takesHeapSnapshot=true, pageLoadStrategy=normal, strictFileInteractability=false, databaseEnabled=false, handlesAlerts=true, version=127.0.6533.120, browserConnectionEnabled=false, proxy={}, nativeEvents=true, webauthn:extension:minPinLength=true, webauthn:extension:prf=true, locationContextEnabled=true, cssSelectorsEnabled=true, webauthn:virtualAuthenticators=true}]
Session ID: 6b18b87a9e69d888e1cb84d0646454fb
Build info: version: &apos;2.53.0&apos;, revision: &apos;35ae25b1534ae328c771e0856c93e187490ca824&apos;, time: &apos;2016-03-15 10:43:46&apos;
System info: host: &apos;AU-MELOCIQACL3&apos;, ip: &apos;10.246.4.96&apos;, os.name: &apos;Windows 10&apos;, os.arch: &apos;amd64&apos;, os.version: &apos;10.0&apos;, java.version: &apos;11.0.22&apos;
Driver info: driver.version: unknown&#xd;
[java.base/jdk.internal.reflect.NativeConstructorAccessorImpl.newInstance0(Native Method), java.base/jdk.internal.reflect.NativeConstructorAccessorImpl.newInstance(NativeConstructorAccessorImpl.java:62), java.base/jdk.internal.reflect.DelegatingConstructorAccessorImpl.newInstance(DelegatingConstructorAccessorImpl.java:45), jdk.internal.reflect.GeneratedMethodAccessor13.invoke(Unknown Source), java.base/jdk.internal.reflect.DelegatingMethodAccessorImpl.invoke(DelegatingMethodAccessorImpl.java:43), stepPage.HomePage.HomePage.clickToolElement(HomePage.java:948), stepImplementation.HomePage.HomePageImplementation.createKmlLayer(HomePageImplementation.java:2100), stepDefinition.HomePage.HomePageDefinition.iCreateTheKMLLayer(HomePageDefinition.java:741), âœ½.Then I Create the KML Layer C:\Third Party Layers\KML.kml(src/main/resources/features/Sanity_Postgres.feature:56)]</exception>
    </test-step>
    <test-step result="SKIPPED" duration="0">
      <description>And I Delete the KML Layer</description>
    </test-step>
    <test-step result="SKIPPED" duration="1">
      <description>Then I Log out</description>
    </test-step>
  </test-group>
</acceptance-test-run>