{"name":"To Validate the Ruler","testSteps":[{"number":1,"description":"Given I Verify the Ruler is displayed and clickable","duration":11253,"startTime":1724104168377,"result":"SUCCESS"},{"number":2,"description":"And I Verify the Distance option of Ruler","duration":38903,"startTime":1724104179634,"exception":{"errorType":"org.openqa.selenium.NoSuchElementException","message":"no such element: Unable to locate element: {\"method\":\"xpath\",\"selector\":\"//*[starts-with(@id,\"mat-dialog\")]/sncr-map-measure/button/span[1]\"}\n  (Session info: chrome\u003d127.0.6533.120)\n  (Driver info: chromedriver\u003d127.0.6533.72 (9755e24ca85aa18ffa16c743f660a3d914902775-refs/branch-heads/6533@{#1760}),platform\u003dWindows NT 10.0.19045 x86_64) (WARNING: The server did not provide any stacktrace information)\nCommand duration or timeout: 20.04 seconds\nFor documentation on this error, please visit: http://seleniumhq.org/exceptions/no_such_element.html\nBuild info: version: \u00272.53.0\u0027, revision: \u002735ae25b1534ae328c771e0856c93e187490ca824\u0027, time: \u00272016-03-15 10:43:46\u0027\nSystem info: host: \u0027AU-MELOCIQACL3\u0027, ip: \u002710.246.4.96\u0027, os.name: \u0027Windows 10\u0027, os.arch: \u0027amd64\u0027, os.version: \u002710.0\u0027, java.version: \u002711.0.22\u0027\nDriver info: org.openqa.selenium.chrome.ChromeDriver\nCapabilities [{mobileEmulationEnabled\u003dfalse, timeouts\u003d{implicit\u003d0, pageLoad\u003d300000, script\u003d30000}, hasTouchScreen\u003dfalse, platform\u003dXP, acceptSslCerts\u003dfalse, goog:chromeOptions\u003d{debuggerAddress\u003dlocalhost:53356}, webauthn:extension:credBlob\u003dtrue, acceptInsecureCerts\u003dfalse, fedcm:accounts\u003dtrue, webStorageEnabled\u003dtrue, browserName\u003dchrome, takesScreenshot\u003dtrue, javascriptEnabled\u003dtrue, setWindowRect\u003dtrue, webauthn:extension:largeBlob\u003dtrue, unexpectedAlertBehaviour\u003dignore, rotatable\u003dfalse, networkConnectionEnabled\u003dfalse, chrome\u003d{chromedriverVersion\u003d127.0.6533.72 (9755e24ca85aa18ffa16c743f660a3d914902775-refs/branch-heads/6533@{#1760}), userDataDir\u003dC:\\WINDOWS\\SystemTemp\\scoped_dir5424_99432308}, takesHeapSnapshot\u003dtrue, pageLoadStrategy\u003dnormal, strictFileInteractability\u003dfalse, databaseEnabled\u003dfalse, handlesAlerts\u003dtrue, version\u003d127.0.6533.120, browserConnectionEnabled\u003dfalse, proxy\u003d{}, nativeEvents\u003dtrue, webauthn:extension:minPinLength\u003dtrue, webauthn:extension:prf\u003dtrue, locationContextEnabled\u003dtrue, cssSelectorsEnabled\u003dtrue, webauthn:virtualAuthenticators\u003dtrue}]\nSession ID: bc39c36a126475f177c9d1eb7a6ea2b5\n*** Element info: {Using\u003dxpath, value\u003d//*[starts-with(@id,\"mat-dialog\")]/sncr-map-measure/button/span[1]}\nFor documentation on this error, please visit: http://seleniumhq.org/exceptions/no_such_element.html\nBuild info: version: \u00272.53.0\u0027, revision: \u002735ae25b1534ae328c771e0856c93e187490ca824\u0027, time: \u00272016-03-15 10:43:46\u0027\nSystem info: host: \u0027AU-MELOCIQACL3\u0027, ip: \u002710.246.4.96\u0027, os.name: \u0027Windows 10\u0027, os.arch: \u0027amd64\u0027, os.version: \u002710.0\u0027, java.version: \u002711.0.22\u0027\nDriver info: driver.version: unknown","stackTrace":[{"moduleName":"java.base","moduleVersion":"11.0.22","declaringClass":"jdk.internal.reflect.NativeConstructorAccessorImpl","methodName":"newInstance0","fileName":"NativeConstructorAccessorImpl.java","lineNumber":-2,"format":2},{"moduleName":"java.base","moduleVersion":"11.0.22","declaringClass":"jdk.internal.reflect.NativeConstructorAccessorImpl","methodName":"newInstance","fileName":"NativeConstructorAccessorImpl.java","lineNumber":62,"format":2},{"moduleName":"java.base","moduleVersion":"11.0.22","declaringClass":"jdk.internal.reflect.DelegatingConstructorAccessorImpl","methodName":"newInstance","fileName":"DelegatingConstructorAccessorImpl.java","lineNumber":45,"format":2},{"classLoaderName":"app","declaringClass":"stepPage.HomePage.HomePage","methodName":"clickToolElement","fileName":"HomePage.java","lineNumber":948,"format":1},{"classLoaderName":"app","declaringClass":"stepImplementation.HomePage.HomePageImplementation","methodName":"verifyDistanceOption","fileName":"HomePageImplementation.java","lineNumber":1419,"format":1},{"classLoaderName":"app","declaringClass":"stepDefinition.HomePage.HomePageDefinition","methodName":"iVerifyTheDistanceOptionOfRuler","fileName":"HomePageDefinition.java","lineNumber":488,"format":1},{"declaringClass":"✽","methodName":"And I Verify the Distance option of Ruler","fileName":"src/main/resources/features/Smoke_Postgres.feature","lineNumber":186,"format":0}],"COLLAPSE_NEW_LINE_HINTS":["AssertionError","Expected","Expecting","ComparisonFailure"]},"result":"ERROR"},{"number":3,"description":"Then I Verify the Area option of Red line Ruler","duration":2,"startTime":1724104218537,"result":"SKIPPED"}],"userStory":{"id":"to-validate-the-smoke-tests-for-sdk-application","storyName":"To Validate the Smoke Tests for SDK Application","path":"src/main/resources/features/Smoke_Postgres.feature","type":"feature"},"title":"To Validate the Ruler","description":"","tags":[{"name":"To Validate the Smoke Tests for SDK Application","type":"feature"},{"name":"Smoke_Postgres","type":"tag"}],"startTime":1724104168376,"duration":50163,"testFailureCause":{"errorType":"org.openqa.selenium.NoSuchElementException","message":"no such element: Unable to locate element: {\"method\":\"xpath\",\"selector\":\"//*[starts-with(@id,\"mat-dialog\")]/sncr-map-measure/button/span[1]\"}\n  (Session info: chrome\u003d127.0.6533.120)\n  (Driver info: chromedriver\u003d127.0.6533.72 (9755e24ca85aa18ffa16c743f660a3d914902775-refs/branch-heads/6533@{#1760}),platform\u003dWindows NT 10.0.19045 x86_64) (WARNING: The server did not provide any stacktrace information)\nCommand duration or timeout: 20.04 seconds\nFor documentation on this error, please visit: http://seleniumhq.org/exceptions/no_such_element.html\nBuild info: version: \u00272.53.0\u0027, revision: \u002735ae25b1534ae328c771e0856c93e187490ca824\u0027, time: \u00272016-03-15 10:43:46\u0027\nSystem info: host: \u0027AU-MELOCIQACL3\u0027, ip: \u002710.246.4.96\u0027, os.name: \u0027Windows 10\u0027, os.arch: \u0027amd64\u0027, os.version: \u002710.0\u0027, java.version: \u002711.0.22\u0027\nDriver info: org.openqa.selenium.chrome.ChromeDriver\nCapabilities [{mobileEmulationEnabled\u003dfalse, timeouts\u003d{implicit\u003d0, pageLoad\u003d300000, script\u003d30000}, hasTouchScreen\u003dfalse, platform\u003dXP, acceptSslCerts\u003dfalse, goog:chromeOptions\u003d{debuggerAddress\u003dlocalhost:53356}, webauthn:extension:credBlob\u003dtrue, acceptInsecureCerts\u003dfalse, fedcm:accounts\u003dtrue, webStorageEnabled\u003dtrue, browserName\u003dchrome, takesScreenshot\u003dtrue, javascriptEnabled\u003dtrue, setWindowRect\u003dtrue, webauthn:extension:largeBlob\u003dtrue, unexpectedAlertBehaviour\u003dignore, rotatable\u003dfalse, networkConnectionEnabled\u003dfalse, chrome\u003d{chromedriverVersion\u003d127.0.6533.72 (9755e24ca85aa18ffa16c743f660a3d914902775-refs/branch-heads/6533@{#1760}), userDataDir\u003dC:\\WINDOWS\\SystemTemp\\scoped_dir5424_99432308}, takesHeapSnapshot\u003dtrue, pageLoadStrategy\u003dnormal, strictFileInteractability\u003dfalse, databaseEnabled\u003dfalse, handlesAlerts\u003dtrue, version\u003d127.0.6533.120, browserConnectionEnabled\u003dfalse, proxy\u003d{}, nativeEvents\u003dtrue, webauthn:extension:minPinLength\u003dtrue, webauthn:extension:prf\u003dtrue, locationContextEnabled\u003dtrue, cssSelectorsEnabled\u003dtrue, webauthn:virtualAuthenticators\u003dtrue}]\nSession ID: bc39c36a126475f177c9d1eb7a6ea2b5\n*** Element info: {Using\u003dxpath, value\u003d//*[starts-with(@id,\"mat-dialog\")]/sncr-map-measure/button/span[1]}\nFor documentation on this error, please visit: http://seleniumhq.org/exceptions/no_such_element.html\nBuild info: version: \u00272.53.0\u0027, revision: \u002735ae25b1534ae328c771e0856c93e187490ca824\u0027, time: \u00272016-03-15 10:43:46\u0027\nSystem info: host: \u0027AU-MELOCIQACL3\u0027, ip: \u002710.246.4.96\u0027, os.name: \u0027Windows 10\u0027, os.arch: \u0027amd64\u0027, os.version: \u002710.0\u0027, java.version: \u002711.0.22\u0027\nDriver info: driver.version: unknown","stackTrace":[{"moduleName":"java.base","moduleVersion":"11.0.22","declaringClass":"jdk.internal.reflect.NativeConstructorAccessorImpl","methodName":"newInstance0","fileName":"NativeConstructorAccessorImpl.java","lineNumber":-2,"format":2},{"moduleName":"java.base","moduleVersion":"11.0.22","declaringClass":"jdk.internal.reflect.NativeConstructorAccessorImpl","methodName":"newInstance","fileName":"NativeConstructorAccessorImpl.java","lineNumber":62,"format":2},{"moduleName":"java.base","moduleVersion":"11.0.22","declaringClass":"jdk.internal.reflect.DelegatingConstructorAccessorImpl","methodName":"newInstance","fileName":"DelegatingConstructorAccessorImpl.java","lineNumber":45,"format":2},{"classLoaderName":"app","declaringClass":"stepPage.HomePage.HomePage","methodName":"clickToolElement","fileName":"HomePage.java","lineNumber":948,"format":1},{"classLoaderName":"app","declaringClass":"stepImplementation.HomePage.HomePageImplementation","methodName":"verifyDistanceOption","fileName":"HomePageImplementation.java","lineNumber":1419,"format":1},{"classLoaderName":"app","declaringClass":"stepDefinition.HomePage.HomePageDefinition","methodName":"iVerifyTheDistanceOptionOfRuler","fileName":"HomePageDefinition.java","lineNumber":488,"format":1},{"declaringClass":"✽","methodName":"And I Verify the Distance option of Ruler","fileName":"src/main/resources/features/Smoke_Postgres.feature","lineNumber":186,"format":0}],"COLLAPSE_NEW_LINE_HINTS":["AssertionError","Expected","Expecting","ComparisonFailure"]},"testFailureClassname":"org.openqa.selenium.NoSuchElementException","testFailureMessage":"no such element: Unable to locate element: {\"method\":\"xpath\",\"selector\":\"//*[starts-with(@id,\"mat-dialog\")]/sncr-map-measure/button/span[1]\"}\n  (Session info: chrome\u003d127.0.6533.120)\n  (Driver info: chromedriver\u003d127.0.6533.72 (9755e24ca85aa18ffa16c743f660a3d914902775-refs/branch-heads/6533@{#1760}),platform\u003dWindows NT 10.0.19045 x86_64) (WARNING: The server did not provide any stacktrace information)\nCommand duration or timeout: 20.04 seconds\nFor documentation on this error, please visit: http://seleniumhq.org/exceptions/no_such_element.html\nBuild info: version: \u00272.53.0\u0027, revision: \u002735ae25b1534ae328c771e0856c93e187490ca824\u0027, time: \u00272016-03-15 10:43:46\u0027\nSystem info: host: \u0027AU-MELOCIQACL3\u0027, ip: \u002710.246.4.96\u0027, os.name: \u0027Windows 10\u0027, os.arch: \u0027amd64\u0027, os.version: \u002710.0\u0027, java.version: \u002711.0.22\u0027\nDriver info: org.openqa.selenium.chrome.ChromeDriver\nCapabilities [{mobileEmulationEnabled\u003dfalse, timeouts\u003d{implicit\u003d0, pageLoad\u003d300000, script\u003d30000}, hasTouchScreen\u003dfalse, platform\u003dXP, acceptSslCerts\u003dfalse, goog:chromeOptions\u003d{debuggerAddress\u003dlocalhost:53356}, webauthn:extension:credBlob\u003dtrue, acceptInsecureCerts\u003dfalse, fedcm:accounts\u003dtrue, webStorageEnabled\u003dtrue, browserName\u003dchrome, takesScreenshot\u003dtrue, javascriptEnabled\u003dtrue, setWindowRect\u003dtrue, webauthn:extension:largeBlob\u003dtrue, unexpectedAlertBehaviour\u003dignore, rotatable\u003dfalse, networkConnectionEnabled\u003dfalse, chrome\u003d{chromedriverVersion\u003d127.0.6533.72 (9755e24ca85aa18ffa16c743f660a3d914902775-refs/branch-heads/6533@{#1760}), userDataDir\u003dC:\\WINDOWS\\SystemTemp\\scoped_dir5424_99432308}, takesHeapSnapshot\u003dtrue, pageLoadStrategy\u003dnormal, strictFileInteractability\u003dfalse, databaseEnabled\u003dfalse, handlesAlerts\u003dtrue, version\u003d127.0.6533.120, browserConnectionEnabled\u003dfalse, proxy\u003d{}, nativeEvents\u003dtrue, webauthn:extension:minPinLength\u003dtrue, webauthn:extension:prf\u003dtrue, locationContextEnabled\u003dtrue, cssSelectorsEnabled\u003dtrue, webauthn:virtualAuthenticators\u003dtrue}]\nSession ID: bc39c36a126475f177c9d1eb7a6ea2b5\n*** Element info: {Using\u003dxpath, value\u003d//*[starts-with(@id,\"mat-dialog\")]/sncr-map-measure/button/span[1]}\nFor documentation on this error, please visit: http://seleniumhq.org/exceptions/no_such_element.html\nBuild info: version: \u00272.53.0\u0027, revision: \u002735ae25b1534ae328c771e0856c93e187490ca824\u0027, time: \u00272016-03-15 10:43:46\u0027\nSystem info: host: \u0027AU-MELOCIQACL3\u0027, ip: \u002710.246.4.96\u0027, os.name: \u0027Windows 10\u0027, os.arch: \u0027amd64\u0027, os.version: \u002710.0\u0027, java.version: \u002711.0.22\u0027\nDriver info: driver.version: unknown","annotatedResult":"ERROR","manual":false,"result":"ERROR"}