<acceptance-test-run title="To Validate the MAIN MenuBar Content" name="To Validate the MAIN MenuBar Content" description="" steps="11" successful="8" failures="0" errors="1" skipped="2" ignored="0" pending="0" annotated-result="ERROR" result="ERROR" duration="204306" timestamp="2024-08-20T06:31:03.465+10:00">
  <user-story id="to-validate-the-sanity-tests-for-sdk-application" name="To Validate the Sanity Tests for SDK Application" path="src/main/resources/features/Sanity_Postgres.feature"/>
  <tags>
    <tag name="To Validate the Sanity Tests for SDK Application" type="feature"/>
    <tag name="Sanity_Postgres" type="tag"/>
  </tags>
  <examples>
    <datasets>
      <dataset startRow="0" rowCount="0" name="" description=""/>
    </datasets>
    <headers>
      <header>DB</header>
    </headers>
    <rows>
      <row result="ERROR">
        <value>http://10.246.4.94/SHAW90_SO</value>
      </row>
    </rows>
  </examples>
  <test-group name="[1] {DB=http://10.246.4.94/SHAW90_SO}" result="ERROR">
    <test-step result="SUCCESS" duration="3061">
      <description>Given I launch http://10.246.4.94/SHAW90_SO the Application</description>
    </test-step>
    <test-step result="SUCCESS" duration="49336">
      <description>When I enter the Credentials</description>
    </test-step>
    <test-step result="SUCCESS" duration="15892">
      <description>Given I verify the Map Section</description>
    </test-step>
    <test-step result="SUCCESS" duration="17152">
      <description>And I verify the Drawing Section</description>
    </test-step>
    <test-step result="SUCCESS" duration="15254">
      <description>When I validate Trace Section</description>
    </test-step>
    <test-step result="SUCCESS" duration="15420">
      <description>Then I validate Rf Power Section</description>
    </test-step>
    <test-step result="SUCCESS" duration="15627">
      <description>Then I validate Rf Levels Section</description>
    </test-step>
    <test-step result="SUCCESS" duration="21124">
      <description>Then I validate Splicing Section</description>
    </test-step>
    <test-step result="ERROR" duration="51428">
      <description>And I validate Reports Section</description>
      <error>org.openqa.selenium.NoSuchElementException: no such element: Unable to locate element: {&quot;method&quot;:&quot;xpath&quot;,&quot;selector&quot;:&quot;//sncr-context-help-button/button&quot;}
  (Session info: chrome=127.0.6533.120)
  (Driver info: chromedriver=127.0.6533.72 (9755e24ca85aa18ffa16c743f660a3d914902775-refs/branch-heads/6533@{#1760}),platform=Windows NT 10.0.19045 x86_64) (WARNING: The server did not provide any stacktrace information)
Command duration or timeout: 20.11 seconds
For documentation on this error, please visit: http://seleniumhq.org/exceptions/no_such_element.html
Build info: version: &apos;2.53.0&apos;, revision: &apos;35ae25b1534ae328c771e0856c93e187490ca824&apos;, time: &apos;2016-03-15 10:43:46&apos;
System info: host: &apos;AU-MELOCIQACL3&apos;, ip: &apos;10.246.4.96&apos;, os.name: &apos;Windows 10&apos;, os.arch: &apos;amd64&apos;, os.version: &apos;10.0&apos;, java.version: &apos;11.0.22&apos;
Driver info: org.openqa.selenium.chrome.ChromeDriver
Capabilities [{mobileEmulationEnabled=false, timeouts={implicit=0, pageLoad=300000, script=30000}, hasTouchScreen=false, platform=XP, acceptSslCerts=false, goog:chromeOptions={debuggerAddress=localhost:51474}, webauthn:extension:credBlob=true, acceptInsecureCerts=false, fedcm:accounts=true, webStorageEnabled=true, browserName=chrome, takesScreenshot=true, javascriptEnabled=true, setWindowRect=true, webauthn:extension:largeBlob=true, unexpectedAlertBehaviour=ignore, rotatable=false, networkConnectionEnabled=false, chrome={chromedriverVersion=127.0.6533.72 (9755e24ca85aa18ffa16c743f660a3d914902775-refs/branch-heads/6533@{#1760}), userDataDir=C:\WINDOWS\SystemTemp\scoped_dir1560_1383102117}, takesHeapSnapshot=true, pageLoadStrategy=normal, strictFileInteractability=false, databaseEnabled=false, handlesAlerts=true, version=127.0.6533.120, browserConnectionEnabled=false, proxy={}, nativeEvents=true, webauthn:extension:minPinLength=true, webauthn:extension:prf=true, locationContextEnabled=true, cssSelectorsEnabled=true, webauthn:virtualAuthenticators=true}]
Session ID: a3d59b3e16c990f5116c11d086123f21
*** Element info: {Using=xpath, value=//sncr-context-help-button/button}
For documentation on this error, please visit: http://seleniumhq.org/exceptions/no_such_element.html
Build info: version: &apos;2.53.0&apos;, revision: &apos;35ae25b1534ae328c771e0856c93e187490ca824&apos;, time: &apos;2016-03-15 10:43:46&apos;
System info: host: &apos;AU-MELOCIQACL3&apos;, ip: &apos;10.246.4.96&apos;, os.name: &apos;Windows 10&apos;, os.arch: &apos;amd64&apos;, os.version: &apos;10.0&apos;, java.version: &apos;11.0.22&apos;
Driver info: driver.version: unknown</error>
      <exception>org.openqa.selenium.NoSuchElementException:no such element: Unable to locate element: {&quot;method&quot;:&quot;xpath&quot;,&quot;selector&quot;:&quot;//sncr-context-help-button/button&quot;}
  (Session info: chrome=127.0.6533.120)
  (Driver info: chromedriver=127.0.6533.72 (9755e24ca85aa18ffa16c743f660a3d914902775-refs/branch-heads/6533@{#1760}),platform=Windows NT 10.0.19045 x86_64) (WARNING: The server did not provide any stacktrace information)
Command duration or timeout: 20.11 seconds
For documentation on this error, please visit: http://seleniumhq.org/exceptions/no_such_element.html
Build info: version: &apos;2.53.0&apos;, revision: &apos;35ae25b1534ae328c771e0856c93e187490ca824&apos;, time: &apos;2016-03-15 10:43:46&apos;
System info: host: &apos;AU-MELOCIQACL3&apos;, ip: &apos;10.246.4.96&apos;, os.name: &apos;Windows 10&apos;, os.arch: &apos;amd64&apos;, os.version: &apos;10.0&apos;, java.version: &apos;11.0.22&apos;
Driver info: org.openqa.selenium.chrome.ChromeDriver
Capabilities [{mobileEmulationEnabled=false, timeouts={implicit=0, pageLoad=300000, script=30000}, hasTouchScreen=false, platform=XP, acceptSslCerts=false, goog:chromeOptions={debuggerAddress=localhost:51474}, webauthn:extension:credBlob=true, acceptInsecureCerts=false, fedcm:accounts=true, webStorageEnabled=true, browserName=chrome, takesScreenshot=true, javascriptEnabled=true, setWindowRect=true, webauthn:extension:largeBlob=true, unexpectedAlertBehaviour=ignore, rotatable=false, networkConnectionEnabled=false, chrome={chromedriverVersion=127.0.6533.72 (9755e24ca85aa18ffa16c743f660a3d914902775-refs/branch-heads/6533@{#1760}), userDataDir=C:\WINDOWS\SystemTemp\scoped_dir1560_1383102117}, takesHeapSnapshot=true, pageLoadStrategy=normal, strictFileInteractability=false, databaseEnabled=false, handlesAlerts=true, version=127.0.6533.120, browserConnectionEnabled=false, proxy={}, nativeEvents=true, webauthn:extension:minPinLength=true, webauthn:extension:prf=true, locationContextEnabled=true, cssSelectorsEnabled=true, webauthn:virtualAuthenticators=true}]
Session ID: a3d59b3e16c990f5116c11d086123f21
*** Element info: {Using=xpath, value=//sncr-context-help-button/button}
For documentation on this error, please visit: http://seleniumhq.org/exceptions/no_such_element.html
Build info: version: &apos;2.53.0&apos;, revision: &apos;35ae25b1534ae328c771e0856c93e187490ca824&apos;, time: &apos;2016-03-15 10:43:46&apos;
System info: host: &apos;AU-MELOCIQACL3&apos;, ip: &apos;10.246.4.96&apos;, os.name: &apos;Windows 10&apos;, os.arch: &apos;amd64&apos;, os.version: &apos;10.0&apos;, java.version: &apos;11.0.22&apos;
Driver info: driver.version: unknown&#xd;
[java.base/jdk.internal.reflect.NativeConstructorAccessorImpl.newInstance0(Native Method), java.base/jdk.internal.reflect.NativeConstructorAccessorImpl.newInstance(NativeConstructorAccessorImpl.java:62), java.base/jdk.internal.reflect.DelegatingConstructorAccessorImpl.newInstance(DelegatingConstructorAccessorImpl.java:45), stepPage.HomePage.HomePage.clickToolElement(HomePage.java:948), stepImplementation.HomePage.HomePageImplementation.validateCSHIcon(HomePageImplementation.java:41), stepImplementation.HomePage.HomePageImplementation.reportsSectionValidation(HomePageImplementation.java:162), stepDefinition.HomePage.HomePageDefinition.iValidateReportsSection(HomePageDefinition.java:56), âœ½.And I validate Reports Section(src/main/resources/features/Sanity_Postgres.feature:21)]</exception>
    </test-step>
    <test-step result="SKIPPED" duration="1">
      <description>And I validate Report Manager Section</description>
    </test-step>
    <test-step result="SKIPPED" duration="0">
      <description>Then I Log out</description>
    </test-step>
  </test-group>
</acceptance-test-run>