<acceptance-test-run title="To validate the LogOut icon" name="To validate the LogOut icon" description="" steps="1" successful="0" failures="0" errors="1" skipped="0" ignored="0" pending="0" annotated-result="ERROR" result="ERROR" duration="1996" timestamp="2024-08-20T12:02:05.235+10:00">
  <user-story id="to-validate-the-smoke-tests-for-sdk-application" name="To Validate the Smoke Tests for SDK Application" path="src/main/resources/features/Smoke.feature"/>
  <tags>
    <tag name="To Validate the Smoke Tests for SDK Application" type="feature"/>
    <tag name="Smoke" type="tag"/>
  </tags>
  <test-step result="ERROR" duration="1990">
    <description>Given I Log out</description>
    <error>org.openqa.selenium.WebDriverException: element click intercepted: Element &lt;a _ngcontent-ng-c2408375086=&quot;&quot; mattooltipclass=&quot;header-icon-tooltip&quot; class=&quot;mat-mdc-tooltip-trigger toolbar-button ng-star-inserted&quot; aria-describedby=&quot;cdk-describedby-message-ng-1-58&quot; cdk-describedby-host=&quot;ng-1&quot;&gt;...&lt;/a&gt; is not clickable at point (984, 44). Other element would receive the click: &lt;div class=&quot;cdk-overlay-backdrop cdk-overlay-dark-backdrop cdk-overlay-backdrop-showing&quot;&gt;&lt;/div&gt;
  (Session info: chrome=127.0.6533.120)
  (Driver info: chromedriver=127.0.6533.72 (9755e24ca85aa18ffa16c743f660a3d914902775-refs/branch-heads/6533@{#1760}),platform=Windows NT 10.0.19045 x86_64) (WARNING: The server did not provide any stacktrace information)
Command duration or timeout: 1.65 seconds
Build info: version: &apos;2.53.0&apos;, revision: &apos;35ae25b1534ae328c771e0856c93e187490ca824&apos;, time: &apos;2016-03-15 10:43:46&apos;
System info: host: &apos;AU-MELOCIQACL3&apos;, ip: &apos;10.246.4.96&apos;, os.name: &apos;Windows 10&apos;, os.arch: &apos;amd64&apos;, os.version: &apos;10.0&apos;, java.version: &apos;11.0.22&apos;
Driver info: org.openqa.selenium.chrome.ChromeDriver
Capabilities [{mobileEmulationEnabled=false, timeouts={implicit=0, pageLoad=300000, script=30000}, hasTouchScreen=false, platform=XP, acceptSslCerts=false, goog:chromeOptions={debuggerAddress=localhost:56495}, webauthn:extension:credBlob=true, acceptInsecureCerts=false, fedcm:accounts=true, webStorageEnabled=true, browserName=chrome, takesScreenshot=true, javascriptEnabled=true, setWindowRect=true, webauthn:extension:largeBlob=true, unexpectedAlertBehaviour=ignore, rotatable=false, networkConnectionEnabled=false, chrome={chromedriverVersion=127.0.6533.72 (9755e24ca85aa18ffa16c743f660a3d914902775-refs/branch-heads/6533@{#1760}), userDataDir=C:\WINDOWS\SystemTemp\scoped_dir8492_1177111911}, takesHeapSnapshot=true, pageLoadStrategy=normal, strictFileInteractability=false, databaseEnabled=false, handlesAlerts=true, version=127.0.6533.120, browserConnectionEnabled=false, proxy={}, nativeEvents=true, webauthn:extension:minPinLength=true, webauthn:extension:prf=true, locationContextEnabled=true, cssSelectorsEnabled=true, webauthn:virtualAuthenticators=true}]
Session ID: fe8306de2045f11b52a4f245550eaf34
Build info: version: &apos;2.53.0&apos;, revision: &apos;35ae25b1534ae328c771e0856c93e187490ca824&apos;, time: &apos;2016-03-15 10:43:46&apos;
System info: host: &apos;AU-MELOCIQACL3&apos;, ip: &apos;10.246.4.96&apos;, os.name: &apos;Windows 10&apos;, os.arch: &apos;amd64&apos;, os.version: &apos;10.0&apos;, java.version: &apos;11.0.22&apos;
Driver info: driver.version: unknown</error>
    <exception>org.openqa.selenium.WebDriverException:element click intercepted: Element &lt;a _ngcontent-ng-c2408375086=&quot;&quot; mattooltipclass=&quot;header-icon-tooltip&quot; class=&quot;mat-mdc-tooltip-trigger toolbar-button ng-star-inserted&quot; aria-describedby=&quot;cdk-describedby-message-ng-1-58&quot; cdk-describedby-host=&quot;ng-1&quot;&gt;...&lt;/a&gt; is not clickable at point (984, 44). Other element would receive the click: &lt;div class=&quot;cdk-overlay-backdrop cdk-overlay-dark-backdrop cdk-overlay-backdrop-showing&quot;&gt;&lt;/div&gt;
  (Session info: chrome=127.0.6533.120)
  (Driver info: chromedriver=127.0.6533.72 (9755e24ca85aa18ffa16c743f660a3d914902775-refs/branch-heads/6533@{#1760}),platform=Windows NT 10.0.19045 x86_64) (WARNING: The server did not provide any stacktrace information)
Command duration or timeout: 1.65 seconds
Build info: version: &apos;2.53.0&apos;, revision: &apos;35ae25b1534ae328c771e0856c93e187490ca824&apos;, time: &apos;2016-03-15 10:43:46&apos;
System info: host: &apos;AU-MELOCIQACL3&apos;, ip: &apos;10.246.4.96&apos;, os.name: &apos;Windows 10&apos;, os.arch: &apos;amd64&apos;, os.version: &apos;10.0&apos;, java.version: &apos;11.0.22&apos;
Driver info: org.openqa.selenium.chrome.ChromeDriver
Capabilities [{mobileEmulationEnabled=false, timeouts={implicit=0, pageLoad=300000, script=30000}, hasTouchScreen=false, platform=XP, acceptSslCerts=false, goog:chromeOptions={debuggerAddress=localhost:56495}, webauthn:extension:credBlob=true, acceptInsecureCerts=false, fedcm:accounts=true, webStorageEnabled=true, browserName=chrome, takesScreenshot=true, javascriptEnabled=true, setWindowRect=true, webauthn:extension:largeBlob=true, unexpectedAlertBehaviour=ignore, rotatable=false, networkConnectionEnabled=false, chrome={chromedriverVersion=127.0.6533.72 (9755e24ca85aa18ffa16c743f660a3d914902775-refs/branch-heads/6533@{#1760}), userDataDir=C:\WINDOWS\SystemTemp\scoped_dir8492_1177111911}, takesHeapSnapshot=true, pageLoadStrategy=normal, strictFileInteractability=false, databaseEnabled=false, handlesAlerts=true, version=127.0.6533.120, browserConnectionEnabled=false, proxy={}, nativeEvents=true, webauthn:extension:minPinLength=true, webauthn:extension:prf=true, locationContextEnabled=true, cssSelectorsEnabled=true, webauthn:virtualAuthenticators=true}]
Session ID: fe8306de2045f11b52a4f245550eaf34
Build info: version: &apos;2.53.0&apos;, revision: &apos;35ae25b1534ae328c771e0856c93e187490ca824&apos;, time: &apos;2016-03-15 10:43:46&apos;
System info: host: &apos;AU-MELOCIQACL3&apos;, ip: &apos;10.246.4.96&apos;, os.name: &apos;Windows 10&apos;, os.arch: &apos;amd64&apos;, os.version: &apos;10.0&apos;, java.version: &apos;11.0.22&apos;
Driver info: driver.version: unknown&#xd;
[java.base/jdk.internal.reflect.NativeConstructorAccessorImpl.newInstance0(Native Method), java.base/jdk.internal.reflect.NativeConstructorAccessorImpl.newInstance(NativeConstructorAccessorImpl.java:62), java.base/jdk.internal.reflect.DelegatingConstructorAccessorImpl.newInstance(DelegatingConstructorAccessorImpl.java:45), jdk.internal.reflect.GeneratedMethodAccessor16.invoke(Unknown Source), java.base/jdk.internal.reflect.DelegatingMethodAccessorImpl.invoke(DelegatingMethodAccessorImpl.java:43), stepPage.HomePage.HomePage.clickToolElement(HomePage.java:948), stepImplementation.HomePage.HomePageImplementation.logoutTabValidation(HomePageImplementation.java:379), stepDefinition.HomePage.HomePageDefinition.iVerifyLogOutIcon(HomePageDefinition.java:88), âœ½.Given I Log out(src/main/resources/features/Smoke.feature:333)]</exception>
  </test-step>
</acceptance-test-run>